Removed Pin From Net: NetName=NetD1_1 Pin=U1-1
Removed Pin From Net: NetName=NetC?_2 Pin=U1-6
Removed Pin From Net: NetName=NetR?_1 Pin=U1-7
Removed Pin From Net: NetName=NetC?_1 Pin=U1-8
Removed Member From Class: ClassName=Sheet1 Member=U1
Added Component: Designator=U?(DIL08)
Add component (AddParameter): Name = "Check_prices"; Value = "https://www.snapeda.com/parts/IR2101/Infineon+Technologies/view-part/?ref=eda"; VariantName = "[No Variations]"
Add component (AddParameter): Name = "Digi-Key_Part_Number"; Value = "IR2101-ND"; VariantName = "[No Variations]"
Add component (AddParameter): Name = "MF"; Value = "Infineon"; VariantName = "[No Variations]"
Add component (AddParameter): Name = "MP"; Value = "IR2101"; VariantName = "[No Variations]"
Add component (AddParameter): Name = "Package"; Value = "DIP-8 International Rectifier"; VariantName = "[No Variations]"
Add component (AddParameter): Name = "Purchase-URL"; Value = "https://pricing.snapeda.com/search/part/IR2101/?ref=eda"; VariantName = "[No Variations]"
Add component (AddParameter): Name = "SnapEDA_Link"; Value = "https://www.snapeda.com/parts/IR2101/Infineon+Technologies/view-part/?ref=snap"; VariantName = "[No Variations]"
Add component (AddParameter): Name = "Value"; Value = ""; VariantName = "[No Variations]"
Added Pin To Net: NetName=NetD1_1 Pin=U?-1
Added Pin To Net: NetName=NetC?_2 Pin=U?-6
Added Pin To Net: NetName=NetR?_1 Pin=U?-7
Added Pin To Net: NetName=NetC?_1 Pin=U?-8
Added Member To Class: ClassName=Sheet1 Member=Component C? 100uF/63V
Added Member To Class: ClassName=Sheet1 Member=Component R? 1k
Added Member To Class: ClassName=Sheet1 Member=Component U? IR2101
